<?xml version="1.0" encoding="utf-8"?>
<CoverageSession xmlns:xsd="http://www.w3.org/2001/XMLSchema" xmlns:xsi="http://www.w3.org/2001/XMLSchema-instance">
  <Modules>
    <Module skippedDueTo="Filter" hash="12-65-6A-66-2E-D6-63-35-62-65-A9-F9-3A-99-F3-2E-1A-A3-76-A4">
      <FullName>C:\Windows\Microsoft.Net\assembly\GAC_32\mscorlib\v4.0_4.0.0.0__b77a5c561934e089\mscorlib.dll</FullName>
      <ModuleName>mscorlib</ModuleName>
      <Classes />
    </Module>
    <Module skippedDueTo="MissingPdb" hash="F2-88-6F-25-4E-20-75-4B-26-EB-92-FB-BB-B2-61-C4-AE-3C-02-C0">
      <FullName>C:\Program Files (x86)\SharpDevelop\4.4\bin\Tools\NUnit\nunit-console-x86.exe</FullName>
      <ModuleName>nunit-console</ModuleName>
      <Classes />
    </Module>
    <Module skippedDueTo="MissingPdb" hash="33-E1-CA-24-52-5A-B7-C7-C4-AF-91-2C-A9-4A-C0-37-67-0D-5B-FE">
      <FullName>C:\Program Files (x86)\SharpDevelop\4.4\bin\Tools\NUnit\lib\nunit.core.dll</FullName>
      <ModuleName>nunit.core</ModuleName>
      <Classes />
    </Module>
    <Module skippedDueTo="MissingPdb" hash="2A-C4-E5-DE-F3-EE-AD-84-E1-65-84-CC-15-90-76-96-E7-01-44-4E">
      <FullName>C:\Program Files (x86)\SharpDevelop\4.4\bin\Tools\NUnit\lib\nunit-console-runner.dll</FullName>
      <ModuleName>nunit-console-runner</ModuleName>
      <Classes />
    </Module>
    <Module skippedDueTo="MissingPdb" hash="74-74-F6-87-59-E1-5F-4F-5F-5E-6E-82-50-E8-E2-46-D4-86-15-76">
      <FullName>C:\Program Files (x86)\SharpDevelop\4.4\bin\Tools\NUnit\lib\nunit.util.dll</FullName>
      <ModuleName>nunit.util</ModuleName>
      <Classes />
    </Module>
    <Module skippedDueTo="MissingPdb" hash="D3-A4-4D-85-55-F7-CE-EF-A5-90-AA-EF-58-E0-9F-B6-CC-27-99-53">
      <FullName>C:\Program Files (x86)\SharpDevelop\4.4\bin\Tools\NUnit\lib\nunit.core.interfaces.dll</FullName>
      <ModuleName>nunit.core.interfaces</ModuleName>
      <Classes />
    </Module>
    <Module skippedDueTo="Filter" hash="8F-6E-E8-4F-40-6A-75-31-1B-08-C2-22-D5-EA-FE-23-3B-7B-82-15">
      <FullName>C:\Windows\Microsoft.Net\assembly\GAC_MSIL\System.Configuration\v4.0_4.0.0.0__b03f5f7f11d50a3a\System.Configuration.dll</FullName>
      <ModuleName>System.Configuration</ModuleName>
      <Classes />
    </Module>
    <Module skippedDueTo="Filter" hash="8F-46-4B-BE-28-40-30-A2-E6-52-58-36-C3-F3-E3-75-03-AF-F4-FC">
      <FullName>C:\Windows\Microsoft.Net\assembly\GAC_MSIL\System\v4.0_4.0.0.0__b77a5c561934e089\System.dll</FullName>
      <ModuleName>System</ModuleName>
      <Classes />
    </Module>
    <Module skippedDueTo="Filter" hash="2E-28-A3-E7-4F-05-75-91-3B-B4-A6-B7-58-E7-27-B0-EF-F7-52-11">
      <FullName>C:\Windows\Microsoft.Net\assembly\GAC_MSIL\System.Xml\v4.0_4.0.0.0__b77a5c561934e089\System.Xml.dll</FullName>
      <ModuleName>System.Xml</ModuleName>
      <Classes />
    </Module>
    <Module skippedDueTo="Filter" hash="46-6F-13-2F-D2-4B-1D-25-49-36-00-F3-12-2D-74-40-A6-DA-E7-C0">
      <FullName>C:\Windows\Microsoft.Net\assembly\GAC_MSIL\System.Runtime.Remoting\v4.0_4.0.0.0__b77a5c561934e089\System.Runtime.Remoting.dll</FullName>
      <ModuleName>System.Runtime.Remoting</ModuleName>
      <Classes />
    </Module>
    <Module skippedDueTo="MissingPdb" hash="33-E1-CA-24-52-5A-B7-C7-C4-AF-91-2C-A9-4A-C0-37-67-0D-5B-FE">
      <FullName>C:\Program Files (x86)\SharpDevelop\4.4\bin\Tools\NUnit\lib\nunit.core.dll</FullName>
      <ModuleName>nunit.core</ModuleName>
      <Classes />
    </Module>
    <Module skippedDueTo="Filter" hash="8F-46-4B-BE-28-40-30-A2-E6-52-58-36-C3-F3-E3-75-03-AF-F4-FC">
      <FullName>C:\Windows\Microsoft.Net\assembly\GAC_MSIL\System\v4.0_4.0.0.0__b77a5c561934e089\System.dll</FullName>
      <ModuleName>System</ModuleName>
      <Classes />
    </Module>
    <Module skippedDueTo="Filter" hash="2E-28-A3-E7-4F-05-75-91-3B-B4-A6-B7-58-E7-27-B0-EF-F7-52-11">
      <FullName>C:\Windows\Microsoft.Net\assembly\GAC_MSIL\System.Xml\v4.0_4.0.0.0__b77a5c561934e089\System.Xml.dll</FullName>
      <ModuleName>System.Xml</ModuleName>
      <Classes />
    </Module>
    <Module skippedDueTo="MissingPdb" hash="D3-A4-4D-85-55-F7-CE-EF-A5-90-AA-EF-58-E0-9F-B6-CC-27-99-53">
      <FullName>C:\Program Files (x86)\SharpDevelop\4.4\bin\Tools\NUnit\lib\nunit.core.interfaces.dll</FullName>
      <ModuleName>nunit.core.interfaces</ModuleName>
      <Classes />
    </Module>
    <Module skippedDueTo="MissingPdb" hash="F2-2C-F2-72-56-0E-BB-76-A2-B5-49-6C-89-0E-0D-D4-47-5B-2A-17">
      <FullName>C:\Users\shawn\AppData\Local\Temp\nunit20\ShadowCopyCache\7328_635404329622205531\Tests_676791430\assembly\dl3\d98f1151\57727299_e59acf01\Excel Crawler By Week.exe</FullName>
      <ModuleName>Excel Crawler By Week</ModuleName>
      <Classes />
    </Module>
    <Module skippedDueTo="Filter" hash="8F-6E-E8-4F-40-6A-75-31-1B-08-C2-22-D5-EA-FE-23-3B-7B-82-15">
      <FullName>C:\Windows\Microsoft.Net\assembly\GAC_MSIL\System.Configuration\v4.0_4.0.0.0__b03f5f7f11d50a3a\System.Configuration.dll</FullName>
      <ModuleName>System.Configuration</ModuleName>
      <Classes />
    </Module>
  </Modules>
</CoverageSession>